Wristlist/wristlist-smartwatch/build/outputs/logs/manifest-merger-debug-report.txt
-- Merging decision tree log ---
manifest
ADDED from src\main\AndroidManifest.xml:2:1-40:12
	package
		ADDED from src\main\AndroidManifest.xml:3:5-39
		INJECTED from src\main\AndroidManifest.xml
		INJECTED from src\main\AndroidManifest.xml
	android:versionName
		INJECTED from src\main\AndroidManifest.xml
		INJECTED from src\main\AndroidManifest.xml
	xmlns:android
		ADDED from src\main\AndroidManifest.xml:2:11-69
	android:versionCode
		INJECTED from src\main\AndroidManifest.xml
		INJECTED from src\main\AndroidManifest.xml
uses-feature#android.hardware.type.watch
ADDED from src\main\AndroidManifest.xml:5:5-64
	android:name
		ADDED from src\main\AndroidManifest.xml:5:19-61
uses-permission#android.permission.WAKE_LOCK
ADDED from src\main\AndroidManifest.xml:7:5-68
	android:name
		ADDED from src\main\AndroidManifest.xml:7:22-65
application
ADDED from src\main\AndroidManifest.xml:9:5-38:19
MERGED from [com.google.android.support:wearable:2.0.0-beta1] AndroidManifest.xml:6:5-19
MERGED from [com.google.android.gms:play-services-wearable:10.0.1] AndroidManifest.xml:18:5-19
MERGED from [com.google.android.gms:play-services-base:10.0.1] AndroidManifest.xml:18:5-20:19
MERGED from [com.google.android.gms:play-services-tasks:10.0.1] AndroidManifest.xml:4:5-19
MERGED from [com.google.android.gms:play-services-basement:10.0.1] AndroidManifest.xml:19:5-21:19
MERGED from [com.android.support:support-v13:25.1.0] AndroidManifest.xml:25:5-20
MERGED from [com.android.support:support-v4:25.1.0] AndroidManifest.xml:25:5-20
MERGED from [com.android.support:support-fragment:25.1.0] AndroidManifest.xml:25:5-20
MERGED from [com.android.support:support-media-compat:25.1.0] AndroidManifest.xml:25:5-20
MERGED from [com.android.support:support-core-ui:25.1.0] AndroidManifest.xml:25:5-20
MERGED from [com.android.support:support-core-utils:25.1.0] AndroidManifest.xml:25:5-20
MERGED from [com.android.support:support-compat:25.1.0] AndroidManifest.xml:25:5-20
	android:label
		ADDED from src\main\AndroidManifest.xml:12:9-41
	android:supportsRtl
		ADDED from src\main\AndroidManifest.xml:13:9-35
	android:allowBackup
		ADDED from src\main\AndroidManifest.xml:10:9-35
	android:icon
		ADDED from src\main\AndroidManifest.xml:11:9-43
	android:theme
		ADDED from src\main\AndroidManifest.xml:14:9-59
uses-library#com.google.android.wearable
ADDED from src\main\AndroidManifest.xml:15:9-17:40
	android:required
		ADDED from src\main\AndroidManifest.xml:17:13-37
	android:name
		ADDED from src\main\AndroidManifest.xml:16:13-55
activity#be.pxl.student.wristlist.View.Main.MainActivity
ADDED from src\main\AndroidManifest.xml:19:9-27:20
	android:label
		ADDED from src\main\AndroidManifest.xml:21:13-45
	android:name
		ADDED from src\main\AndroidManifest.xml:20:13-51
intent-filter#android.intent.action.MAIN+android.intent.category.LAUNCHER
ADDED from src\main\AndroidManifest.xml:22:13-26:29
action#android.intent.action.MAIN
ADDED from src\main\AndroidManifest.xml:23:17-69
	android:name
		ADDED from src\main\AndroidManifest.xml:23:25-66
category#android.intent.category.LAUNCHER
ADDED from src\main\AndroidManifest.xml:25:17-77
	android:name
		ADDED from src\main\AndroidManifest.xml:25:27-74
activity#be.pxl.student.wristlist.View.Main.TestActivity
ADDED from src\main\AndroidManifest.xml:28:9-37:20
	android:label
		ADDED from src\main\AndroidManifest.xml:30:13-56
	android:theme
		ADDED from src\main\AndroidManifest.xml:31:13-69
	android:name
		ADDED from src\main\AndroidManifest.xml:29:13-51
uses-sdk
INJECTED from src\main\AndroidManifest.xml reason: use-sdk injection requested
MERGED from [com.google.android.support:wearable:2.0.0-beta1] AndroidManifest.xml:4:5-72
MERGED from [com.android.support:recyclerview-v7:23.0.1] AndroidManifest.xml:20:5-43
MERGED from [com.google.android.gms:play-services-wearable:10.0.1] AndroidManifest.xml:17:5-42
MERGED from [com.google.android.gms:play-services-base:10.0.1] AndroidManifest.xml:17:5-42
MERGED from [com.google.android.gms:play-services-tasks:10.0.1] AndroidManifest.xml:3:5-42
MERGED from [com.google.android.gms:play-services-basement:10.0.1] AndroidManifest.xml:17:5-42
MERGED from [com.android.support:support-v13:25.1.0] AndroidManifest.xml:21:5-23:55
MERGED from [com.android.support:support-v4:25.1.0] AndroidManifest.xml:21:5-23:54
MERGED from [com.android.support:support-fragment:25.1.0] AndroidManifest.xml:21:5-23:60
MERGED from [com.android.support:support-media-compat:25.1.0] AndroidManifest.xml:21:5-23:63
MERGED from [com.android.support:support-core-ui:25.1.0] AndroidManifest.xml:21:5-23:58
MERGED from [com.android.support:support-core-utils:25.1.0] AndroidManifest.xml:21:5-23:61
MERGED from [com.android.support:support-compat:25.1.0] AndroidManifest.xml:21:5-23:58
	tools:overrideLibrary
		ADDED from [com.android.support:support-v13:25.1.0] AndroidManifest.xml:23:9-52
	android:targetSdkVersion
		INJECTED from src\main\AndroidManifest.xml
		INJECTED from src\main\AndroidManifest.xml
	android:minSdkVersion
		INJECTED from src\main\AndroidManifest.xml
		INJECTED from src\main\AndroidManifest.xml
activity#com.google.android.gms.common.api.GoogleApiActivity
ADDED from [com.google.android.gms:play-services-base:10.0.1] AndroidManifest.xml:19:9-172
	android:exported
		ADDED from [com.google.android.gms:play-services-base:10.0.1] AndroidManifest.xml:19:146-170
	android:theme
		ADDED from [com.google.android.gms:play-services-base:10.0.1] AndroidManifest.xml:19:86-145
	android:name
		ADDED from [com.google.android.gms:play-services-base:10.0.1] AndroidManifest.xml:19:19-85
meta-data#com.google.android.gms.version
ADDED from [com.google.android.gms:play-services-basement:10.0.1] AndroidManifest.xml:20:9-121
	android:value
		ADDED from [com.google.android.gms:play-services-basement:10.0.1] AndroidManifest.xml:20:66-119
	android:name
		ADDED from [com.google.android.gms:play-services-basement:10.0.1] AndroidManifest.xml:20:20-65